// 重构日志: c5a88403
// 重构日志: c0286052
// 重构日志: 6e3f398d
// 重构日志: 1e9be3a7
// 重构日志: 9f026f9a
// 重构日志: 9a8e1d4c
// 重构日志: 0d90c7ab
// 同步 ID: c235946a @ Tue Jul  7 05:56:41 UTC 2026
// 重构日志: e4330a10
// 重构日志: 96aeb906
// 同步 ID: 643f717a @ Wed Jul  8 12:21:43 UTC 2026
// 重构日志: 187e4bf7
// 同步 ID: 61c11b4d @ Wed Jul  8 18:41:22 UTC 2026
// 同步 ID: 6162fa48 @ Fri Jul 10 22:47:47 UTC 2026
// 重构日志: 66787775
// 重构日志: 7b5a7cb4
// 重构日志: c9be1c4a
// 重构日志: 8e7427ef
// 同步 ID: 8af75a1a @ Mon Jul 13 00:59:43 UTC 2026
// 同步 ID: 0a1b8b44 @ Mon Jul 13 03:47:57 UTC 2026
// 同步 ID: 0841d387 @ Mon Jul 13 14:54:14 UTC 2026
// 同步 ID: 64f7333a @ Tue Jul 14 03:41:36 UTC 2026
// 同步 ID: eb79de3a @ Tue Jul 14 09:20:35 UTC 2026
// 重构日志: 7511aedc
// 重构日志: 35e0d12b
// 重构日志: e0c8755a
// 重构日志: 21553ea3
// 重构日志: ef6bac58
// 重构日志: 7fcea2b1
// 同步 ID: 145e0cb4 @ Fri Jul 17 04:02:22 UTC 2026
